0 info it worked if it ends with ok
1 verbose cli [ '/usr/local/bin/node', '/usr/local/bin/npm', 'install' ]
2 info using npm@1.4.28
3 info using node@v0.10.32
4 verbose readDependencies using package.json deps
5 verbose install where, deps [ '/home/brandon/workspace/CP546',
5 verbose install   [ 'express',
5 verbose install     'body-parser',
5 verbose install     'cookie-parser',
5 verbose install     'morgan',
5 verbose install     'serve-favicon',
5 verbose install     'debug',
5 verbose install     'jade',
5 verbose install     'mongoose',
5 verbose install     'node-uuid',
5 verbose install     'bcrypt-nodejs',
5 verbose install     'mocha',
5 verbose install     'should',
5 verbose install     'supertest' ] ]
6 info preinstall CP546@0.0.1
7 verbose readDependencies using package.json deps
8 verbose cache add [ 'express@~4.9.0', null ]
9 verbose cache add name=undefined spec="express@~4.9.0" args=["express@~4.9.0",null]
10 verbose parsed url { protocol: null,
10 verbose parsed url   slashes: null,
10 verbose parsed url   auth: null,
10 verbose parsed url   host: null,
10 verbose parsed url   port: null,
10 verbose parsed url   hostname: null,
10 verbose parsed url   hash: null,
10 verbose parsed url   search: null,
10 verbose parsed url   query: null,
10 verbose parsed url   pathname: 'express@~4.9.0',
10 verbose parsed url   path: 'express@~4.9.0',
10 verbose parsed url   href: 'express@~4.9.0' }
11 verbose cache add [ 'body-parser@~1.8.1', null ]
12 verbose cache add name=undefined spec="body-parser@~1.8.1" args=["body-parser@~1.8.1",null]
13 verbose parsed url { protocol: null,
13 verbose parsed url   slashes: null,
13 verbose parsed url   auth: null,
13 verbose parsed url   host: null,
13 verbose parsed url   port: null,
13 verbose parsed url   hostname: null,
13 verbose parsed url   hash: null,
13 verbose parsed url   search: null,
13 verbose parsed url   query: null,
13 verbose parsed url   pathname: 'body-parser@~1.8.1',
13 verbose parsed url   path: 'body-parser@~1.8.1',
13 verbose parsed url   href: 'body-parser@~1.8.1' }
14 verbose cache add [ 'cookie-parser@~1.3.3', null ]
15 verbose cache add name=undefined spec="cookie-parser@~1.3.3" args=["cookie-parser@~1.3.3",null]
16 verbose parsed url { protocol: null,
16 verbose parsed url   slashes: null,
16 verbose parsed url   auth: null,
16 verbose parsed url   host: null,
16 verbose parsed url   port: null,
16 verbose parsed url   hostname: null,
16 verbose parsed url   hash: null,
16 verbose parsed url   search: null,
16 verbose parsed url   query: null,
16 verbose parsed url   pathname: 'cookie-parser@~1.3.3',
16 verbose parsed url   path: 'cookie-parser@~1.3.3',
16 verbose parsed url   href: 'cookie-parser@~1.3.3' }
17 verbose cache add [ 'morgan@~1.3.0', null ]
18 verbose cache add name=undefined spec="morgan@~1.3.0" args=["morgan@~1.3.0",null]
19 verbose parsed url { protocol: null,
19 verbose parsed url   slashes: null,
19 verbose parsed url   auth: null,
19 verbose parsed url   host: null,
19 verbose parsed url   port: null,
19 verbose parsed url   hostname: null,
19 verbose parsed url   hash: null,
19 verbose parsed url   search: null,
19 verbose parsed url   query: null,
19 verbose parsed url   pathname: 'morgan@~1.3.0',
19 verbose parsed url   path: 'morgan@~1.3.0',
19 verbose parsed url   href: 'morgan@~1.3.0' }
20 verbose cache add [ 'serve-favicon@~2.1.3', null ]
21 verbose cache add name=undefined spec="serve-favicon@~2.1.3" args=["serve-favicon@~2.1.3",null]
22 verbose parsed url { protocol: null,
22 verbose parsed url   slashes: null,
22 verbose parsed url   auth: null,
22 verbose parsed url   host: null,
22 verbose parsed url   port: null,
22 verbose parsed url   hostname: null,
22 verbose parsed url   hash: null,
22 verbose parsed url   search: null,
22 verbose parsed url   query: null,
22 verbose parsed url   pathname: 'serve-favicon@~2.1.3',
22 verbose parsed url   path: 'serve-favicon@~2.1.3',
22 verbose parsed url   href: 'serve-favicon@~2.1.3' }
23 verbose cache add [ 'debug@~2.0.0', null ]
24 verbose cache add name=undefined spec="debug@~2.0.0" args=["debug@~2.0.0",null]
25 verbose parsed url { protocol: null,
25 verbose parsed url   slashes: null,
25 verbose parsed url   auth: null,
25 verbose parsed url   host: null,
25 verbose parsed url   port: null,
25 verbose parsed url   hostname: null,
25 verbose parsed url   hash: null,
25 verbose parsed url   search: null,
25 verbose parsed url   query: null,
25 verbose parsed url   pathname: 'debug@~2.0.0',
25 verbose parsed url   path: 'debug@~2.0.0',
25 verbose parsed url   href: 'debug@~2.0.0' }
26 verbose cache add [ 'jade@~1.6.0', null ]
27 verbose cache add name=undefined spec="jade@~1.6.0" args=["jade@~1.6.0",null]
28 verbose parsed url { protocol: null,
28 verbose parsed url   slashes: null,
28 verbose parsed url   auth: null,
28 verbose parsed url   host: null,
28 verbose parsed url   port: null,
28 verbose parsed url   hostname: null,
28 verbose parsed url   hash: null,
28 verbose parsed url   search: null,
28 verbose parsed url   query: null,
28 verbose parsed url   pathname: 'jade@~1.6.0',
28 verbose parsed url   path: 'jade@~1.6.0',
28 verbose parsed url   href: 'jade@~1.6.0' }
29 verbose cache add [ 'mongoose@~3.8.17', null ]
30 verbose cache add name=undefined spec="mongoose@~3.8.17" args=["mongoose@~3.8.17",null]
31 verbose parsed url { protocol: null,
31 verbose parsed url   slashes: null,
31 verbose parsed url   auth: null,
31 verbose parsed url   host: null,
31 verbose parsed url   port: null,
31 verbose parsed url   hostname: null,
31 verbose parsed url   hash: null,
31 verbose parsed url   search: null,
31 verbose parsed url   query: null,
31 verbose parsed url   pathname: 'mongoose@~3.8.17',
31 verbose parsed url   path: 'mongoose@~3.8.17',
31 verbose parsed url   href: 'mongoose@~3.8.17' }
32 verbose cache add [ 'node-uuid@~1.4.1', null ]
33 verbose cache add name=undefined spec="node-uuid@~1.4.1" args=["node-uuid@~1.4.1",null]
34 verbose parsed url { protocol: null,
34 verbose parsed url   slashes: null,
34 verbose parsed url   auth: null,
34 verbose parsed url   host: null,
34 verbose parsed url   port: null,
34 verbose parsed url   hostname: null,
34 verbose parsed url   hash: null,
34 verbose parsed url   search: null,
34 verbose parsed url   query: null,
34 verbose parsed url   pathname: 'node-uuid@~1.4.1',
34 verbose parsed url   path: 'node-uuid@~1.4.1',
34 verbose parsed url   href: 'node-uuid@~1.4.1' }
35 verbose cache add [ 'bcrypt-nodejs@~0.8.0', null ]
36 verbose cache add name=undefined spec="bcrypt-nodejs@~0.8.0" args=["bcrypt-nodejs@~0.8.0",null]
37 verbose parsed url { protocol: null,
37 verbose parsed url   slashes: null,
37 verbose parsed url   auth: null,
37 verbose parsed url   host: null,
37 verbose parsed url   port: null,
37 verbose parsed url   hostname: null,
37 verbose parsed url   hash: null,
37 verbose parsed url   search: null,
37 verbose parsed url   query: null,
37 verbose parsed url   pathname: 'bcrypt-nodejs@~0.8.0',
37 verbose parsed url   path: 'bcrypt-nodejs@~0.8.0',
37 verbose parsed url   href: 'bcrypt-nodejs@~0.8.0' }
38 verbose cache add [ 'mocha@~1.12.1', null ]
39 verbose cache add name=undefined spec="mocha@~1.12.1" args=["mocha@~1.12.1",null]
40 verbose parsed url { protocol: null,
40 verbose parsed url   slashes: null,
40 verbose parsed url   auth: null,
40 verbose parsed url   host: null,
40 verbose parsed url   port: null,
40 verbose parsed url   hostname: null,
40 verbose parsed url   hash: null,
40 verbose parsed url   search: null,
40 verbose parsed url   query: null,
40 verbose parsed url   pathname: 'mocha@~1.12.1',
40 verbose parsed url   path: 'mocha@~1.12.1',
40 verbose parsed url   href: 'mocha@~1.12.1' }
41 verbose cache add [ 'should@~1.2.2', null ]
42 verbose cache add name=undefined spec="should@~1.2.2" args=["should@~1.2.2",null]
43 verbose parsed url { protocol: null,
43 verbose parsed url   slashes: null,
43 verbose parsed url   auth: null,
43 verbose parsed url   host: null,
43 verbose parsed url   port: null,
43 verbose parsed url   hostname: null,
43 verbose parsed url   hash: null,
43 verbose parsed url   search: null,
43 verbose parsed url   query: null,
43 verbose parsed url   pathname: 'should@~1.2.2',
43 verbose parsed url   path: 'should@~1.2.2',
43 verbose parsed url   href: 'should@~1.2.2' }
44 verbose cache add [ 'supertest@~0.7.1', null ]
45 verbose cache add name=undefined spec="supertest@~0.7.1" args=["supertest@~0.7.1",null]
46 verbose parsed url { protocol: null,
46 verbose parsed url   slashes: null,
46 verbose parsed url   auth: null,
46 verbose parsed url   host: null,
46 verbose parsed url   port: null,
46 verbose parsed url   hostname: null,
46 verbose parsed url   hash: null,
46 verbose parsed url   search: null,
46 verbose parsed url   query: null,
46 verbose parsed url   pathname: 'supertest@~0.7.1',
46 verbose parsed url   path: 'supertest@~0.7.1',
46 verbose parsed url   href: 'supertest@~0.7.1' }
47 verbose cache add name="express" spec="~4.9.0" args=["express","~4.9.0"]
48 verbose parsed url { protocol: null,
48 verbose parsed url   slashes: null,
48 verbose parsed url   auth: null,
48 verbose parsed url   host: null,
48 verbose parsed url   port: null,
48 verbose parsed url   hostname: null,
48 verbose parsed url   hash: null,
48 verbose parsed url   search: null,
48 verbose parsed url   query: null,
48 verbose parsed url   pathname: '~4.9.0',
48 verbose parsed url   path: '~4.9.0',
48 verbose parsed url   href: '~4.9.0' }
49 verbose addNamed [ 'express', '~4.9.0' ]
50 verbose addNamed [ null, '>=4.9.0-0 <4.10.0-0' ]
51 verbose cache add name="body-parser" spec="~1.8.1" args=["body-parser","~1.8.1"]
52 verbose parsed url { protocol: null,
52 verbose parsed url   slashes: null,
52 verbose parsed url   auth: null,
52 verbose parsed url   host: null,
52 verbose parsed url   port: null,
52 verbose parsed url   hostname: null,
52 verbose parsed url   hash: null,
52 verbose parsed url   search: null,
52 verbose parsed url   query: null,
52 verbose parsed url   pathname: '~1.8.1',
52 verbose parsed url   path: '~1.8.1',
52 verbose parsed url   href: '~1.8.1' }
53 verbose addNamed [ 'body-parser', '~1.8.1' ]
54 verbose addNamed [ null, '>=1.8.1-0 <1.9.0-0' ]
55 verbose cache add name="cookie-parser" spec="~1.3.3" args=["cookie-parser","~1.3.3"]
56 verbose parsed url { protocol: null,
56 verbose parsed url   slashes: null,
56 verbose parsed url   auth: null,
56 verbose parsed url   host: null,
56 verbose parsed url   port: null,
56 verbose parsed url   hostname: null,
56 verbose parsed url   hash: null,
56 verbose parsed url   search: null,
56 verbose parsed url   query: null,
56 verbose parsed url   pathname: '~1.3.3',
56 verbose parsed url   path: '~1.3.3',
56 verbose parsed url   href: '~1.3.3' }
57 verbose addNamed [ 'cookie-parser', '~1.3.3' ]
58 verbose addNamed [ null, '>=1.3.3-0 <1.4.0-0' ]
59 verbose cache add name="morgan" spec="~1.3.0" args=["morgan","~1.3.0"]
60 verbose parsed url { protocol: null,
60 verbose parsed url   slashes: null,
60 verbose parsed url   auth: null,
60 verbose parsed url   host: null,
60 verbose parsed url   port: null,
60 verbose parsed url   hostname: null,
60 verbose parsed url   hash: null,
60 verbose parsed url   search: null,
60 verbose parsed url   query: null,
60 verbose parsed url   pathname: '~1.3.0',
60 verbose parsed url   path: '~1.3.0',
60 verbose parsed url   href: '~1.3.0' }
61 verbose addNamed [ 'morgan', '~1.3.0' ]
62 verbose addNamed [ null, '>=1.3.0-0 <1.4.0-0' ]
63 verbose cache add name="serve-favicon" spec="~2.1.3" args=["serve-favicon","~2.1.3"]
64 verbose parsed url { protocol: null,
64 verbose parsed url   slashes: null,
64 verbose parsed url   auth: null,
64 verbose parsed url   host: null,
64 verbose parsed url   port: null,
64 verbose parsed url   hostname: null,
64 verbose parsed url   hash: null,
64 verbose parsed url   search: null,
64 verbose parsed url   query: null,
64 verbose parsed url   pathname: '~2.1.3',
64 verbose parsed url   path: '~2.1.3',
64 verbose parsed url   href: '~2.1.3' }
65 verbose addNamed [ 'serve-favicon', '~2.1.3' ]
66 verbose addNamed [ null, '>=2.1.3-0 <2.2.0-0' ]
67 verbose cache add name="debug" spec="~2.0.0" args=["debug","~2.0.0"]
68 verbose parsed url { protocol: null,
68 verbose parsed url   slashes: null,
68 verbose parsed url   auth: null,
68 verbose parsed url   host: null,
68 verbose parsed url   port: null,
68 verbose parsed url   hostname: null,
68 verbose parsed url   hash: null,
68 verbose parsed url   search: null,
68 verbose parsed url   query: null,
68 verbose parsed url   pathname: '~2.0.0',
68 verbose parsed url   path: '~2.0.0',
68 verbose parsed url   href: '~2.0.0' }
69 verbose addNamed [ 'debug', '~2.0.0' ]
70 verbose addNamed [ null, '>=2.0.0-0 <2.1.0-0' ]
71 verbose cache add name="jade" spec="~1.6.0" args=["jade","~1.6.0"]
72 verbose parsed url { protocol: null,
72 verbose parsed url   slashes: null,
72 verbose parsed url   auth: null,
72 verbose parsed url   host: null,
72 verbose parsed url   port: null,
72 verbose parsed url   hostname: null,
72 verbose parsed url   hash: null,
72 verbose parsed url   search: null,
72 verbose parsed url   query: null,
72 verbose parsed url   pathname: '~1.6.0',
72 verbose parsed url   path: '~1.6.0',
72 verbose parsed url   href: '~1.6.0' }
73 verbose addNamed [ 'jade', '~1.6.0' ]
74 verbose addNamed [ null, '>=1.6.0-0 <1.7.0-0' ]
75 verbose cache add name="mongoose" spec="~3.8.17" args=["mongoose","~3.8.17"]
76 verbose parsed url { protocol: null,
76 verbose parsed url   slashes: null,
76 verbose parsed url   auth: null,
76 verbose parsed url   host: null,
76 verbose parsed url   port: null,
76 verbose parsed url   hostname: null,
76 verbose parsed url   hash: null,
76 verbose parsed url   search: null,
76 verbose parsed url   query: null,
76 verbose parsed url   pathname: '~3.8.17',
76 verbose parsed url   path: '~3.8.17',
76 verbose parsed url   href: '~3.8.17' }
77 verbose addNamed [ 'mongoose', '~3.8.17' ]
78 verbose addNamed [ null, '>=3.8.17-0 <3.9.0-0' ]
79 verbose cache add name="node-uuid" spec="~1.4.1" args=["node-uuid","~1.4.1"]
80 verbose parsed url { protocol: null,
80 verbose parsed url   slashes: null,
80 verbose parsed url   auth: null,
80 verbose parsed url   host: null,
80 verbose parsed url   port: null,
80 verbose parsed url   hostname: null,
80 verbose parsed url   hash: null,
80 verbose parsed url   search: null,
80 verbose parsed url   query: null,
80 verbose parsed url   pathname: '~1.4.1',
80 verbose parsed url   path: '~1.4.1',
80 verbose parsed url   href: '~1.4.1' }
81 verbose addNamed [ 'node-uuid', '~1.4.1' ]
82 verbose addNamed [ null, '>=1.4.1-0 <1.5.0-0' ]
83 verbose cache add name="bcrypt-nodejs" spec="~0.8.0" args=["bcrypt-nodejs","~0.8.0"]
84 verbose parsed url { protocol: null,
84 verbose parsed url   slashes: null,
84 verbose parsed url   auth: null,
84 verbose parsed url   host: null,
84 verbose parsed url   port: null,
84 verbose parsed url   hostname: null,
84 verbose parsed url   hash: null,
84 verbose parsed url   search: null,
84 verbose parsed url   query: null,
84 verbose parsed url   pathname: '~0.8.0',
84 verbose parsed url   path: '~0.8.0',
84 verbose parsed url   href: '~0.8.0' }
85 verbose addNamed [ 'bcrypt-nodejs', '~0.8.0' ]
86 verbose addNamed [ null, '>=0.8.0-0 <0.9.0-0' ]
87 verbose cache add name="mocha" spec="~1.12.1" args=["mocha","~1.12.1"]
88 verbose parsed url { protocol: null,
88 verbose parsed url   slashes: null,
88 verbose parsed url   auth: null,
88 verbose parsed url   host: null,
88 verbose parsed url   port: null,
88 verbose parsed url   hostname: null,
88 verbose parsed url   hash: null,
88 verbose parsed url   search: null,
88 verbose parsed url   query: null,
88 verbose parsed url   pathname: '~1.12.1',
88 verbose parsed url   path: '~1.12.1',
88 verbose parsed url   href: '~1.12.1' }
89 verbose addNamed [ 'mocha', '~1.12.1' ]
90 verbose addNamed [ null, '>=1.12.1-0 <1.13.0-0' ]
91 verbose cache add name="should" spec="~1.2.2" args=["should","~1.2.2"]
92 verbose parsed url { protocol: null,
92 verbose parsed url   slashes: null,
92 verbose parsed url   auth: null,
92 verbose parsed url   host: null,
92 verbose parsed url   port: null,
92 verbose parsed url   hostname: null,
92 verbose parsed url   hash: null,
92 verbose parsed url   search: null,
92 verbose parsed url   query: null,
92 verbose parsed url   pathname: '~1.2.2',
92 verbose parsed url   path: '~1.2.2',
92 verbose parsed url   href: '~1.2.2' }
93 verbose addNamed [ 'should', '~1.2.2' ]
94 verbose addNamed [ null, '>=1.2.2-0 <1.3.0-0' ]
95 verbose cache add name="supertest" spec="~0.7.1" args=["supertest","~0.7.1"]
96 verbose parsed url { protocol: null,
96 verbose parsed url   slashes: null,
96 verbose parsed url   auth: null,
96 verbose parsed url   host: null,
96 verbose parsed url   port: null,
96 verbose parsed url   hostname: null,
96 verbose parsed url   hash: null,
96 verbose parsed url   search: null,
96 verbose parsed url   query: null,
96 verbose parsed url   pathname: '~0.7.1',
96 verbose parsed url   path: '~0.7.1',
96 verbose parsed url   href: '~0.7.1' }
97 verbose addNamed [ 'supertest', '~0.7.1' ]
98 verbose addNamed [ null, '>=0.7.1-0 <0.8.0-0' ]
99 silly lockFile 6ae7fa08-express-4-9-0 express@~4.9.0
100 verbose lock express@~4.9.0 /home/brandon/.npm/6ae7fa08-express-4-9-0.lock
101 silly lockFile a49948c1-body-parser-1-8-1 body-parser@~1.8.1
102 verbose lock body-parser@~1.8.1 /home/brandon/.npm/a49948c1-body-parser-1-8-1.lock
103 silly lockFile bf5babd8-cookie-parser-1-3-3 cookie-parser@~1.3.3
104 verbose lock cookie-parser@~1.3.3 /home/brandon/.npm/bf5babd8-cookie-parser-1-3-3.lock
105 silly lockFile a4a9bdf4-morgan-1-3-0 morgan@~1.3.0
106 verbose lock morgan@~1.3.0 /home/brandon/.npm/a4a9bdf4-morgan-1-3-0.lock
107 silly lockFile 38295489-serve-favicon-2-1-3 serve-favicon@~2.1.3
108 verbose lock serve-favicon@~2.1.3 /home/brandon/.npm/38295489-serve-favicon-2-1-3.lock
109 silly lockFile 12b6356d-debug-2-0-0 debug@~2.0.0
110 verbose lock debug@~2.0.0 /home/brandon/.npm/12b6356d-debug-2-0-0.lock
111 silly lockFile ad8c17a8-jade-1-6-0 jade@~1.6.0
112 verbose lock jade@~1.6.0 /home/brandon/.npm/ad8c17a8-jade-1-6-0.lock
113 silly lockFile 9bb8523b-mongoose-3-8-17 mongoose@~3.8.17
114 verbose lock mongoose@~3.8.17 /home/brandon/.npm/9bb8523b-mongoose-3-8-17.lock
115 silly lockFile 853201b9-node-uuid-1-4-1 node-uuid@~1.4.1
116 verbose lock node-uuid@~1.4.1 /home/brandon/.npm/853201b9-node-uuid-1-4-1.lock
117 silly lockFile 7993b5e3-bcrypt-nodejs-0-8-0 bcrypt-nodejs@~0.8.0
118 verbose lock bcrypt-nodejs@~0.8.0 /home/brandon/.npm/7993b5e3-bcrypt-nodejs-0-8-0.lock
119 silly lockFile 42df8968-mocha-1-12-1 mocha@~1.12.1
120 verbose lock mocha@~1.12.1 /home/brandon/.npm/42df8968-mocha-1-12-1.lock
121 silly lockFile ffc8affd-should-1-2-2 should@~1.2.2
122 verbose lock should@~1.2.2 /home/brandon/.npm/ffc8affd-should-1-2-2.lock
123 silly lockFile e5d59e0d-supertest-0-7-1 supertest@~0.7.1
124 verbose lock supertest@~0.7.1 /home/brandon/.npm/e5d59e0d-supertest-0-7-1.lock
125 silly addNameRange { name: 'express', range: '>=4.9.0-0 <4.10.0-0', hasData: false }
126 silly addNameRange { name: 'body-parser',
126 silly addNameRange   range: '>=1.8.1-0 <1.9.0-0',
126 silly addNameRange   hasData: false }
127 silly addNameRange { name: 'cookie-parser',
127 silly addNameRange   range: '>=1.3.3-0 <1.4.0-0',
127 silly addNameRange   hasData: false }
128 silly addNameRange { name: 'morgan', range: '>=1.3.0-0 <1.4.0-0', hasData: false }
129 silly addNameRange { name: 'serve-favicon',
129 silly addNameRange   range: '>=2.1.3-0 <2.2.0-0',
129 silly addNameRange   hasData: false }
130 silly addNameRange { name: 'debug', range: '>=2.0.0-0 <2.1.0-0', hasData: false }
131 silly addNameRange { name: 'jade', range: '>=1.6.0-0 <1.7.0-0', hasData: false }
132 silly addNameRange { name: 'mongoose',
132 silly addNameRange   range: '>=3.8.17-0 <3.9.0-0',
132 silly addNameRange   hasData: false }
133 silly addNameRange { name: 'node-uuid',
133 silly addNameRange   range: '>=1.4.1-0 <1.5.0-0',
133 silly addNameRange   hasData: false }
134 silly addNameRange { name: 'bcrypt-nodejs',
134 silly addNameRange   range: '>=0.8.0-0 <0.9.0-0',
134 silly addNameRange   hasData: false }
135 silly addNameRange { name: 'mocha', range: '>=1.12.1-0 <1.13.0-0', hasData: false }
136 silly addNameRange { name: 'should', range: '>=1.2.2-0 <1.3.0-0', hasData: false }
137 silly addNameRange { name: 'supertest',
137 silly addNameRange   range: '>=0.7.1-0 <0.8.0-0',
137 silly addNameRange   hasData: false }
138 verbose request where is /node-uuid
139 verbose request registry https://registry.npmjs.org/
140 verbose request id e06f576eae3960a0
141 verbose url raw /node-uuid
142 verbose url resolving [ 'https://registry.npmjs.org/', './node-uuid' ]
143 verbose url resolved https://registry.npmjs.org/node-uuid
144 verbose request where is https://registry.npmjs.org/node-uuid
145 info trying registry request attempt 1 at 14:34:19
146 http GET https://registry.npmjs.org/node-uuid
147 verbose request where is /cookie-parser
148 verbose request registry https://registry.npmjs.org/
149 verbose url raw /cookie-parser
150 verbose url resolving [ 'https://registry.npmjs.org/', './cookie-parser' ]
151 verbose url resolved https://registry.npmjs.org/cookie-parser
152 verbose request where is https://registry.npmjs.org/cookie-parser
153 info trying registry request attempt 1 at 14:34:19
154 verbose etag "D2I21Z55J0M83YHA636O1DW9K"
155 http GET https://registry.npmjs.org/cookie-parser
156 verbose request where is /body-parser
157 verbose request registry https://registry.npmjs.org/
158 verbose url raw /body-parser
159 verbose url resolving [ 'https://registry.npmjs.org/', './body-parser' ]
160 verbose url resolved https://registry.npmjs.org/body-parser
161 verbose request where is https://registry.npmjs.org/body-parser
162 info trying registry request attempt 1 at 14:34:19
163 verbose etag "6H78ALJN535B9H0WANI691DPE"
164 http GET https://registry.npmjs.org/body-parser
165 verbose request where is /morgan
166 verbose request registry https://registry.npmjs.org/
167 verbose url raw /morgan
168 verbose url resolving [ 'https://registry.npmjs.org/', './morgan' ]
169 verbose url resolved https://registry.npmjs.org/morgan
170 verbose request where is https://registry.npmjs.org/morgan
171 info trying registry request attempt 1 at 14:34:19
172 verbose etag "912376T3LDNUY3FPGDWW0LQL9"
173 http GET https://registry.npmjs.org/morgan
174 verbose request where is /express
175 verbose request registry https://registry.npmjs.org/
176 verbose url raw /express
177 verbose url resolving [ 'https://registry.npmjs.org/', './express' ]
178 verbose url resolved https://registry.npmjs.org/express
179 verbose request where is https://registry.npmjs.org/express
180 info trying registry request attempt 1 at 14:34:19
181 verbose etag "6GESXL63U36TPWFIRZ6VV5VKK"
182 http GET https://registry.npmjs.org/express
183 verbose request where is /debug
184 verbose request registry https://registry.npmjs.org/
185 verbose url raw /debug
186 verbose url resolving [ 'https://registry.npmjs.org/', './debug' ]
187 verbose url resolved https://registry.npmjs.org/debug
188 verbose request where is https://registry.npmjs.org/debug
189 info trying registry request attempt 1 at 14:34:19
190 verbose etag "73MB79J18PZK39N02U42KQG49"
191 http GET https://registry.npmjs.org/debug
192 verbose request where is /jade
193 verbose request registry https://registry.npmjs.org/
194 verbose url raw /jade
195 verbose url resolving [ 'https://registry.npmjs.org/', './jade' ]
196 verbose url resolved https://registry.npmjs.org/jade
197 verbose request where is https://registry.npmjs.org/jade
198 info trying registry request attempt 1 at 14:34:19
199 verbose etag "574TTA7U5CJE1ZXHJE2S286DB"
200 http GET https://registry.npmjs.org/jade
201 verbose request where is /bcrypt-nodejs
202 verbose request registry https://registry.npmjs.org/
203 verbose url raw /bcrypt-nodejs
204 verbose url resolving [ 'https://registry.npmjs.org/', './bcrypt-nodejs' ]
205 verbose url resolved https://registry.npmjs.org/bcrypt-nodejs
206 verbose request where is https://registry.npmjs.org/bcrypt-nodejs
207 info trying registry request attempt 1 at 14:34:19
208 verbose etag "52B3LHGUQ2EBYA12JXFRFN4OV"
209 http GET https://registry.npmjs.org/bcrypt-nodejs
210 verbose request where is /mocha
211 verbose request registry https://registry.npmjs.org/
212 verbose url raw /mocha
213 verbose url resolving [ 'https://registry.npmjs.org/', './mocha' ]
214 verbose url resolved https://registry.npmjs.org/mocha
215 verbose request where is https://registry.npmjs.org/mocha
216 info trying registry request attempt 1 at 14:34:19
217 verbose etag "1BHEAOO8DCWS4OCE6FT8A2NBG"
218 http GET https://registry.npmjs.org/mocha
219 verbose request where is /serve-favicon
220 verbose request registry https://registry.npmjs.org/
221 verbose url raw /serve-favicon
222 verbose url resolving [ 'https://registry.npmjs.org/', './serve-favicon' ]
223 verbose url resolved https://registry.npmjs.org/serve-favicon
224 verbose request where is https://registry.npmjs.org/serve-favicon
225 info trying registry request attempt 1 at 14:34:19
226 verbose etag "DQNCEOV1TU804V1DNRWACLPFP"
227 http GET https://registry.npmjs.org/serve-favicon
228 verbose request where is /mongoose
229 verbose request registry https://registry.npmjs.org/
230 verbose url raw /mongoose
231 verbose url resolving [ 'https://registry.npmjs.org/', './mongoose' ]
232 verbose url resolved https://registry.npmjs.org/mongoose
233 verbose request where is https://registry.npmjs.org/mongoose
234 info trying registry request attempt 1 at 14:34:19
235 verbose etag "4AIUERSUELEOB2N580NXMGVOW"
236 http GET https://registry.npmjs.org/mongoose
237 verbose request where is /should
238 verbose request registry https://registry.npmjs.org/
239 verbose url raw /should
240 verbose url resolving [ 'https://registry.npmjs.org/', './should' ]
241 verbose url resolved https://registry.npmjs.org/should
242 verbose request where is https://registry.npmjs.org/should
243 info trying registry request attempt 1 at 14:34:19
244 verbose etag "CMJTSFD5LQ3T04JI1W1POLJO5"
245 http GET https://registry.npmjs.org/should
246 verbose request where is /supertest
247 verbose request registry https://registry.npmjs.org/
248 verbose url raw /supertest
249 verbose url resolving [ 'https://registry.npmjs.org/', './supertest' ]
250 verbose url resolved https://registry.npmjs.org/supertest
251 verbose request where is https://registry.npmjs.org/supertest
252 info trying registry request attempt 1 at 14:34:19
253 verbose etag "EU0HUICVYNHERC3UW12VB6P1M"
254 http GET https://registry.npmjs.org/supertest
255 http 304 https://registry.npmjs.org/body-parser
256 silly registry.get cb [ 304,
256 silly registry.get   { date: 'Mon, 27 Oct 2014 21:34:20 GMT',
256 silly registry.get     server: 'Apache',
256 silly registry.get     via: '1.1 varnish',
256 silly registry.get     'last-modified': 'Mon, 27 Oct 2014 21:33:57 GMT',
256 silly registry.get     'cache-control': 'max-age=60',
256 silly registry.get     etag: '"6H78ALJN535B9H0WANI691DPE"',
256 silly registry.get     age: '49',
256 silly registry.get     'x-served-by': 'cache-sjc3124-SJC',
256 silly registry.get     'x-cache': 'HIT',
256 silly registry.get     'x-cache-hits': '3',
256 silly registry.get     'x-timer': 'S1414445660.494772,VS0,VE0',
256 silly registry.get     vary: 'Accept',
256 silly registry.get     'content-length': '0',
256 silly registry.get     'keep-alive': 'timeout=10, max=50',
256 silly registry.get     connection: 'Keep-Alive' } ]
257 verbose etag https://registry.npmjs.org/body-parser from cache
258 http 304 https://registry.npmjs.org/cookie-parser
259 silly registry.get cb [ 304,
259 silly registry.get   { date: 'Mon, 27 Oct 2014 21:34:20 GMT',
259 silly registry.get     server: 'Apache',
259 silly registry.get     via: '1.1 varnish',
259 silly registry.get     'last-modified': 'Mon, 27 Oct 2014 21:26:38 GMT',
259 silly registry.get     'cache-control': 'max-age=60',
259 silly registry.get     etag: '"D2I21Z55J0M83YHA636O1DW9K"',
259 silly registry.get     age: '49',
259 silly registry.get     'x-served-by': 'cache-sjc3123-SJC',
259 silly registry.get     'x-cache': 'HIT',
259 silly registry.get     'x-cache-hits': '24',
259 silly registry.get     'x-timer': 'S1414445660.496301,VS0,VE0',
259 silly registry.get     vary: 'Accept',
259 silly registry.get     'content-length': '0',
259 silly registry.get     'keep-alive': 'timeout=10, max=50',
259 silly registry.get     connection: 'Keep-Alive' } ]
260 verbose etag https://registry.npmjs.org/cookie-parser from cache
261 http 304 https://registry.npmjs.org/morgan
262 silly registry.get cb [ 304,
262 silly registry.get   { date: 'Mon, 27 Oct 2014 21:34:20 GMT',
262 silly registry.get     server: 'Apache',
262 silly registry.get     via: '1.1 varnish',
262 silly registry.get     'last-modified': 'Mon, 27 Oct 2014 21:34:20 GMT',
262 silly registry.get     'cache-control': 'max-age=60',
262 silly registry.get     etag: '"912376T3LDNUY3FPGDWW0LQL9"',
262 silly registry.get     age: '53',
262 silly registry.get     'x-served-by': 'cache-sjc3133-SJC',
262 silly registry.get     'x-cache': 'HIT',
262 silly registry.get     'x-cache-hits': '1',
262 silly registry.get     'x-timer': 'S1414445660.502223,VS0,VE0',
262 silly registry.get     vary: 'Accept',
262 silly registry.get     'content-length': '0',
262 silly registry.get     'keep-alive': 'timeout=10, max=50',
262 silly registry.get     connection: 'Keep-Alive' } ]
263 verbose etag https://registry.npmjs.org/morgan from cache
264 silly addNameRange number 2 { name: 'cookie-parser',
264 silly addNameRange   range: '>=1.3.3-0 <1.4.0-0',
264 silly addNameRange   hasData: true }
265 silly addNameRange versions [ 'cookie-parser',
265 silly addNameRange   [ '1.0.0',
265 silly addNameRange     '1.0.1',
265 silly addNameRange     '1.1.0',
265 silly addNameRange     '1.2.0',
265 silly addNameRange     '1.3.0',
265 silly addNameRange     '1.3.1',
265 silly addNameRange     '1.3.2',
265 silly addNameRange     '1.3.3' ] ]
266 verbose addNamed [ 'cookie-parser', '1.3.3' ]
267 verbose addNamed [ '1.3.3', '1.3.3' ]
268 silly lockFile 68450bd4-cookie-parser-1-3-3 cookie-parser@1.3.3
269 verbose lock cookie-parser@1.3.3 /home/brandon/.npm/68450bd4-cookie-parser-1-3-3.lock
270 http 200 https://registry.npmjs.org/node-uuid
271 silly registry.get cb [ 200,
271 silly registry.get   { date: 'Mon, 27 Oct 2014 21:34:20 GMT',
271 silly registry.get     server: 'CouchDB/1.5.0 (Erlang OTP/R16B03)',
271 silly registry.get     etag: '"94I5U49L6N3MCWKRWI19NVS44"',
271 silly registry.get     'content-type': 'application/json',
271 silly registry.get     'cache-control': 'max-age=60',
271 silly registry.get     'content-length': '30832',
271 silly registry.get     'accept-ranges': 'bytes',
271 silly registry.get     via: '1.1 varnish',
271 silly registry.get     age: '24',
271 silly registry.get     'x-served-by': 'cache-sjc3125-SJC',
271 silly registry.get     'x-cache': 'HIT',
271 silly registry.get     'x-cache-hits': '1',
271 silly registry.get     'x-timer': 'S1414445660.491469,VS0,VE0',
271 silly registry.get     vary: 'Accept',
271 silly registry.get     'keep-alive': 'timeout=10, max=50',
271 silly registry.get     connection: 'Keep-Alive' } ]
272 silly addNameRange number 2 { name: 'body-parser',
272 silly addNameRange   range: '>=1.8.1-0 <1.9.0-0',
272 silly addNameRange   hasData: true }
273 silly addNameRange versions [ 'body-parser',
273 silly addNameRange   [ '1.0.0',
273 silly addNameRange     '1.0.1',
273 silly addNameRange     '1.0.2',
273 silly addNameRange     '1.1.0',
273 silly addNameRange     '1.1.1',
273 silly addNameRange     '1.1.2',
273 silly addNameRange     '1.2.0',
273 silly addNameRange     '1.2.1',
273 silly addNameRange     '1.2.2',
273 silly addNameRange     '1.3.0',
273 silly addNameRange     '1.3.1',
273 silly addNameRange     '1.4.0',
273 silly addNameRange     '1.4.1',
273 silly addNameRange     '1.4.2',
273 silly addNameRange     '1.4.3',
273 silly addNameRange     '1.5.0',
273 silly addNameRange     '1.5.1',
273 silly addNameRange     '1.5.2',
273 silly addNameRange     '1.6.0',
273 silly addNameRange     '1.6.1',
273 silly addNameRange     '1.6.2',
273 silly addNameRange     '1.6.3',
273 silly addNameRange     '1.6.4',
273 silly addNameRange     '1.6.5',
273 silly addNameRange     '1.6.6',
273 silly addNameRange     '1.6.7',
273 silly addNameRange     '1.7.0',
273 silly addNameRange     '1.8.0',
273 silly addNameRange     '1.8.1',
273 silly addNameRange     '1.8.2',
273 silly addNameRange     '1.8.3',
273 silly addNameRange     '1.8.4',
273 silly addNameRange     '1.9.0',
273 silly addNameRange     '1.9.1' ] ]
274 verbose addNamed [ 'body-parser', '1.8.4' ]
275 verbose addNamed [ '1.8.4', '1.8.4' ]
276 silly lockFile 5cba912c-body-parser-1-8-4 body-parser@1.8.4
277 verbose lock body-parser@1.8.4 /home/brandon/.npm/5cba912c-body-parser-1-8-4.lock
278 silly addNameRange number 2 { name: 'morgan', range: '>=1.3.0-0 <1.4.0-0', hasData: true }
279 silly addNameRange versions [ 'morgan',
279 silly addNameRange   [ '1.0.0',
279 silly addNameRange     '1.0.1',
279 silly addNameRange     '1.1.0',
279 silly addNameRange     '1.1.1',
279 silly addNameRange     '1.2.0',
279 silly addNameRange     '1.2.1',
279 silly addNameRange     '1.2.2',
279 silly addNameRange     '1.2.3',
279 silly addNameRange     '1.3.0',
279 silly addNameRange     '1.3.1',
279 silly addNameRange     '1.3.2',
279 silly addNameRange     '1.4.0',
279 silly addNameRange     '1.4.1' ] ]
280 verbose addNamed [ 'morgan', '1.3.2' ]
281 verbose addNamed [ '1.3.2', '1.3.2' ]
282 silly lockFile 7e2b41c6-morgan-1-3-2 morgan@1.3.2
283 verbose lock morgan@1.3.2 /home/brandon/.npm/7e2b41c6-morgan-1-3-2.lock
284 http 304 https://registry.npmjs.org/debug
285 silly registry.get cb [ 304,
285 silly registry.get   { date: 'Mon, 27 Oct 2014 21:34:20 GMT',
285 silly registry.get     server: 'Apache',
285 silly registry.get     via: '1.1 varnish',
285 silly registry.get     'last-modified': 'Mon, 27 Oct 2014 21:34:20 GMT',
285 silly registry.get     'cache-control': 'max-age=60',
285 silly registry.get     etag: '"73MB79J18PZK39N02U42KQG49"',
285 silly registry.get     age: '10',
285 silly registry.get     'x-served-by': 'cache-sjc3124-SJC',
285 silly registry.get     'x-cache': 'HIT',
285 silly registry.get     'x-cache-hits': '1',
285 silly registry.get     'x-timer': 'S1414445660.539453,VS0,VE0',
285 silly registry.get     vary: 'Accept',
285 silly registry.get     'content-length': '0',
285 silly registry.get     'keep-alive': 'timeout=10, max=49',
285 silly registry.get     connection: 'Keep-Alive' } ]
286 verbose etag https://registry.npmjs.org/debug from cache
287 silly addNameRange number 2 { name: 'node-uuid', range: '>=1.4.1-0 <1.5.0-0', hasData: true }
288 silly addNameRange versions [ 'node-uuid',
288 silly addNameRange   [ '1.2.0',
288 silly addNameRange     '1.3.0',
288 silly addNameRange     '1.3.1',
288 silly addNameRange     '1.3.2',
288 silly addNameRange     '1.1.0',
288 silly addNameRange     '1.0.0',
288 silly addNameRange     '1.3.3',
288 silly addNameRange     '1.4.0',
288 silly addNameRange     '1.4.1' ] ]
289 verbose addNamed [ 'node-uuid', '1.4.1' ]
290 verbose addNamed [ '1.4.1', '1.4.1' ]
291 silly lockFile 7c2028cd-node-uuid-1-4-1 node-uuid@1.4.1
292 verbose lock node-uuid@1.4.1 /home/brandon/.npm/7c2028cd-node-uuid-1-4-1.lock
293 silly addNameRange number 2 { name: 'debug', range: '>=2.0.0-0 <2.1.0-0', hasData: true }
294 silly addNameRange versions [ 'debug',
294 silly addNameRange   [ '0.0.1',
294 silly addNameRange     '0.1.0',
294 silly addNameRange     '0.2.0',
294 silly addNameRange     '0.3.0',
294 silly addNameRange     '0.4.0',
294 silly addNameRange     '0.4.1',
294 silly addNameRange     '0.5.0',
294 silly addNameRange     '0.6.0',
294 silly addNameRange     '0.7.0',
294 silly addNameRange     '0.7.1',
294 silly addNameRange     '0.7.2',
294 silly addNameRange     '0.7.3',
294 silly addNameRange     '0.7.4',
294 silly addNameRange     '0.8.0',
294 silly addNameRange     '0.8.1',
294 silly addNameRange     '1.0.0',
294 silly addNameRange     '1.0.1',
294 silly addNameRange     '1.0.2',
294 silly addNameRange     '1.0.3',
294 silly addNameRange     '1.0.4',
294 silly addNameRange     '2.0.0',
294 silly addNameRange     '2.1.0' ] ]
295 verbose addNamed [ 'debug', '2.0.0' ]
296 verbose addNamed [ '2.0.0', '2.0.0' ]
297 silly lockFile 095bd820-debug-2-0-0 debug@2.0.0
298 verbose lock debug@2.0.0 /home/brandon/.npm/095bd820-debug-2-0-0.lock
299 silly lockFile 68450bd4-cookie-parser-1-3-3 cookie-parser@1.3.3
300 silly lockFile 68450bd4-cookie-parser-1-3-3 cookie-parser@1.3.3
301 silly lockFile bf5babd8-cookie-parser-1-3-3 cookie-parser@~1.3.3
302 silly lockFile bf5babd8-cookie-parser-1-3-3 cookie-parser@~1.3.3
303 silly lockFile 7e2b41c6-morgan-1-3-2 morgan@1.3.2
304 silly lockFile 7e2b41c6-morgan-1-3-2 morgan@1.3.2
305 silly lockFile 5cba912c-body-parser-1-8-4 body-parser@1.8.4
306 silly lockFile 5cba912c-body-parser-1-8-4 body-parser@1.8.4
307 silly lockFile 1287aac8-rg-node-uuid-node-uuid-1-4-1-tgz https://registry.npmjs.org/node-uuid/-/node-uuid-1.4.1.tgz
308 verbose lock https://registry.npmjs.org/node-uuid/-/node-uuid-1.4.1.tgz /home/brandon/.npm/1287aac8-rg-node-uuid-node-uuid-1-4-1-tgz.lock
309 silly lockFile a4a9bdf4-morgan-1-3-0 morgan@~1.3.0
310 silly lockFile a4a9bdf4-morgan-1-3-0 morgan@~1.3.0
311 silly lockFile a49948c1-body-parser-1-8-1 body-parser@~1.8.1
312 silly lockFile a49948c1-body-parser-1-8-1 body-parser@~1.8.1
313 verbose addRemoteTarball [ 'https://registry.npmjs.org/node-uuid/-/node-uuid-1.4.1.tgz',
313 verbose addRemoteTarball   '39aef510e5889a3dca9c895b506c73aae1bac048' ]
314 silly lockFile 095bd820-debug-2-0-0 debug@2.0.0
315 silly lockFile 095bd820-debug-2-0-0 debug@2.0.0
316 info retry fetch attempt 1 at 14:34:19
317 verbose fetch to= /tmp/npm-6533-FYFE91UI/registry.npmjs.org/node-uuid/-/node-uuid-1.4.1.tgz
318 silly lockFile 12b6356d-debug-2-0-0 debug@~2.0.0
319 silly lockFile 12b6356d-debug-2-0-0 debug@~2.0.0
320 http GET https://registry.npmjs.org/node-uuid/-/node-uuid-1.4.1.tgz
321 http 304 https://registry.npmjs.org/mocha
322 silly registry.get cb [ 304,
322 silly registry.get   { date: 'Mon, 27 Oct 2014 21:34:20 GMT',
322 silly registry.get     server: 'Apache',
322 silly registry.get     via: '1.1 varnish',
322 silly registry.get     'last-modified': 'Mon, 27 Oct 2014 21:34:20 GMT',
322 silly registry.get     'cache-control': 'max-age=60',
322 silly registry.get     etag: '"1BHEAOO8DCWS4OCE6FT8A2NBG"',
322 silly registry.get     age: '25',
322 silly registry.get     'x-served-by': 'cache-sjc3125-SJC',
322 silly registry.get     'x-cache': 'HIT',
322 silly registry.get     'x-cache-hits': '1',
322 silly registry.get     'x-timer': 'S1414445660.571343,VS0,VE0',
322 silly registry.get     vary: 'Accept',
322 silly registry.get     'content-length': '0',
322 silly registry.get     'keep-alive': 'timeout=10, max=49',
322 silly registry.get     connection: 'Keep-Alive' } ]
323 verbose etag https://registry.npmjs.org/mocha from cache
324 silly addNameRange number 2 { name: 'mocha', range: '>=1.12.1-0 <1.13.0-0', hasData: true }
325 silly addNameRange versions [ 'mocha',
325 silly addNameRange   [ '0.0.1-alpha1',
325 silly addNameRange     '0.0.1-alpha2',
325 silly addNameRange     '0.0.1-alpha3',
325 silly addNameRange     '0.0.1-alpha4',
325 silly addNameRange     '0.0.1-alpha5',
325 silly addNameRange     '0.0.1-alpha6',
325 silly addNameRange     '0.0.1',
325 silly addNameRange     '0.0.2',
325 silly addNameRange     '0.0.3',
325 silly addNameRange     '0.0.4',
325 silly addNameRange     '0.0.5',
325 silly addNameRange     '0.0.6',
325 silly addNameRange     '0.0.7',
325 silly addNameRange     '0.0.8',
325 silly addNameRange     '0.1.0',
325 silly addNameRange     '0.2.0',
325 silly addNameRange     '0.3.0',
325 silly addNameRange     '0.3.1',
325 silly addNameRange     '0.3.2',
325 silly addNameRange     '0.3.3',
325 silly addNameRange     '0.3.4',
325 silly addNameRange     '0.3.6',
325 silly addNameRange     '0.4.0',
325 silly addNameRange     '0.5.0',
325 silly addNameRange     '0.6.0',
325 silly addNameRange     '0.7.0',
325 silly addNameRange     '0.7.1',
325 silly addNameRange     '0.8.0',
325 silly addNameRange     '0.8.1',
325 silly addNameRange     '0.9.0',
325 silly addNameRange     '0.10.0',
325 silly addNameRange     '0.10.1',
325 silly addNameRange     '0.10.2',
325 silly addNameRange     '0.11.0',
325 silly addNameRange     '0.12.0',
325 silly addNameRange     '0.12.1',
325 silly addNameRange     '0.13.0',
325 silly addNameRange     '0.14.0',
325 silly addNameRange     '0.14.1',
325 silly addNameRange     '1.0.0',
325 silly addNameRange     '1.0.1',
325 silly addNameRange     '1.0.2',
325 silly addNameRange     '1.0.3',
325 silly addNameRange     '1.1.0',
325 silly addNameRange     '1.2.0',
325 silly addNameRange     '1.2.1',
325 silly addNameRange     '1.2.2',
325 silly addNameRange     '1.3.0',
325 silly addNameRange     '1.3.1',
325 silly addNameRange     '1.3.2',
325 silly addNameRange     '1.4.0',
325 silly addNameRange     '1.4.1',
325 silly addNameRange     '1.4.2',
325 silly addNameRange     '1.4.3',
325 silly addNameRange     '1.5.0',
325 silly addNameRange     '1.6.0',
325 silly addNameRange     '1.7.0',
325 silly addNameRange     '1.7.1',
325 silly addNameRange     '1.7.2',
325 silly addNameRange     '1.7.3',
325 silly addNameRange     '1.7.4',
325 silly addNameRange     '1.8.0',
325 silly addNameRange     '1.8.1',
325 silly addNameRange     '1.8.2',
325 silly addNameRange     '1.9.0',
325 silly addNameRange     '1.10.0',
325 silly addNameRange     '1.11.0',
325 silly addNameRange     '1.12.0',
325 silly addNameRange     '1.12.1',
325 silly addNameRange     '1.13.0',
325 silly addNameRange     '1.14.0',
325 silly addNameRange     '1.15.0',
325 silly addNameRange     '1.15.1',
325 silly addNameRange     '1.16.0',
325 silly addNameRange     '1.16.1',
325 silly addNameRange     '1.16.2',
325 silly addNameRange     '1.17.0',
325 silly addNameRange     '1.17.1',
325 silly addNameRange     '1.18.0',
325 silly addNameRange     '1.18.1',
325 silly addNameRange     '1.18.2',
325 silly addNameRange     '1.19.0',
325 silly addNameRange     '1.20.0',
325 silly addNameRange     '1.20.1',
325 silly addNameRange     '1.21.0',
325 silly addNameRange     '1.21.1',
325 silly addNameRange     '1.21.2',
325 silly addNameRange     '1.21.3',
325 silly addNameRange     '1.21.4',
325 silly addNameRange     '1.21.5',
325 silly addNameRange     '2.0.0',
325 silly addNameRange     '2.0.1' ] ]
326 verbose addNamed [ 'mocha', '1.12.1' ]
327 verbose addNamed [ '1.12.1', '1.12.1' ]
328 silly lockFile a87c93b9-mocha-1-12-1 mocha@1.12.1
329 verbose lock mocha@1.12.1 /home/brandon/.npm/a87c93b9-mocha-1-12-1.lock
330 http 304 https://registry.npmjs.org/bcrypt-nodejs
331 silly registry.get cb [ 304,
331 silly registry.get   { date: 'Mon, 27 Oct 2014 21:34:20 GMT',
331 silly registry.get     server: 'Apache',
331 silly registry.get     via: '1.1 varnish',
331 silly registry.get     'last-modified': 'Mon, 27 Oct 2014 21:34:20 GMT',
331 silly registry.get     'cache-control': 'max-age=60',
331 silly registry.get     etag: '"52B3LHGUQ2EBYA12JXFRFN4OV"',
331 silly registry.get     age: '0',
331 silly registry.get     'x-served-by': 'cache-sjc3133-SJC',
331 silly registry.get     'x-cache': 'HIT',
331 silly registry.get     'x-cache-hits': '1',
331 silly registry.get     'x-timer': 'S1414445660.547320,VS0,VE32',
331 silly registry.get     vary: 'Accept',
331 silly registry.get     'content-length': '0',
331 silly registry.get     'keep-alive': 'timeout=10, max=49',
331 silly registry.get     connection: 'Keep-Alive' } ]
332 verbose etag https://registry.npmjs.org/bcrypt-nodejs from cache
333 http 304 https://registry.npmjs.org/serve-favicon
334 silly registry.get cb [ 304,
334 silly registry.get   { date: 'Mon, 27 Oct 2014 21:34:20 GMT',
334 silly registry.get     server: 'Apache',
334 silly registry.get     via: '1.1 varnish',
334 silly registry.get     'last-modified': 'Mon, 27 Oct 2014 21:34:20 GMT',
334 silly registry.get     'cache-control': 'max-age=60',
334 silly registry.get     etag: '"DQNCEOV1TU804V1DNRWACLPFP"',
334 silly registry.get     age: '52',
334 silly registry.get     'x-served-by': 'cache-sjc3124-SJC',
334 silly registry.get     'x-cache': 'HIT',
334 silly registry.get     'x-cache-hits': '1',
334 silly registry.get     'x-timer': 'S1414445660.582110,VS0,VE0',
334 silly registry.get     vary: 'Accept',
334 silly registry.get     'content-length': '0',
334 silly registry.get     'keep-alive': 'timeout=10, max=48',
334 silly registry.get     connection: 'Keep-Alive' } ]
335 verbose etag https://registry.npmjs.org/serve-favicon from cache
336 silly addNameRange number 2 { name: 'bcrypt-nodejs',
336 silly addNameRange   range: '>=0.8.0-0 <0.9.0-0',
336 silly addNameRange   hasData: true }
337 silly addNameRange versions [ 'bcrypt-nodejs', [ '0.0.1', '0.0.2', '0.0.3' ] ]
338 silly lockFile 7993b5e3-bcrypt-nodejs-0-8-0 bcrypt-nodejs@~0.8.0
339 silly lockFile 7993b5e3-bcrypt-nodejs-0-8-0 bcrypt-nodejs@~0.8.0
340 silly addNameRange number 2 { name: 'serve-favicon',
340 silly addNameRange   range: '>=2.1.3-0 <2.2.0-0',
340 silly addNameRange   hasData: true }
341 silly addNameRange versions [ 'serve-favicon',
341 silly addNameRange   [ '2.0.0',
341 silly addNameRange     '2.0.1',
341 silly addNameRange     '2.1.0',
341 silly addNameRange     '2.1.1',
341 silly addNameRange     '2.1.2',
341 silly addNameRange     '2.1.3',
341 silly addNameRange     '2.1.4',
341 silly addNameRange     '2.1.5',
341 silly addNameRange     '2.1.6' ] ]
342 verbose addNamed [ 'serve-favicon', '2.1.6' ]
343 verbose addNamed [ '2.1.6', '2.1.6' ]
344 silly lockFile 4a3fd20c-serve-favicon-2-1-6 serve-favicon@2.1.6
345 verbose lock serve-favicon@2.1.6 /home/brandon/.npm/4a3fd20c-serve-favicon-2-1-6.lock
346 silly lockFile a87c93b9-mocha-1-12-1 mocha@1.12.1
347 silly lockFile a87c93b9-mocha-1-12-1 mocha@1.12.1
348 silly lockFile 42df8968-mocha-1-12-1 mocha@~1.12.1
349 silly lockFile 42df8968-mocha-1-12-1 mocha@~1.12.1
350 silly lockFile 4a3fd20c-serve-favicon-2-1-6 serve-favicon@2.1.6
351 silly lockFile 4a3fd20c-serve-favicon-2-1-6 serve-favicon@2.1.6
352 silly lockFile 38295489-serve-favicon-2-1-3 serve-favicon@~2.1.3
353 silly lockFile 38295489-serve-favicon-2-1-3 serve-favicon@~2.1.3
354 http 304 https://registry.npmjs.org/jade
355 silly registry.get cb [ 304,
355 silly registry.get   { date: 'Mon, 27 Oct 2014 21:34:20 GMT',
355 silly registry.get     server: 'Apache',
355 silly registry.get     via: '1.1 varnish',
355 silly registry.get     'last-modified': 'Mon, 27 Oct 2014 21:34:20 GMT',
355 silly registry.get     'cache-control': 'max-age=60',
355 silly registry.get     etag: '"574TTA7U5CJE1ZXHJE2S286DB"',
355 silly registry.get     age: '0',
355 silly registry.get     'x-served-by': 'cache-sjc3123-SJC',
355 silly registry.get     'x-cache': 'HIT',
355 silly registry.get     'x-cache-hits': '1',
355 silly registry.get     'x-timer': 'S1414445660.542301,VS0,VE85',
355 silly registry.get     vary: 'Accept',
355 silly registry.get     'content-length': '0',
355 silly registry.get     'keep-alive': 'timeout=10, max=49',
355 silly registry.get     connection: 'Keep-Alive' } ]
356 verbose etag https://registry.npmjs.org/jade from cache
357 http 304 https://registry.npmjs.org/should
358 silly registry.get cb [ 304,
358 silly registry.get   { date: 'Mon, 27 Oct 2014 21:34:20 GMT',
358 silly registry.get     server: 'Apache',
358 silly registry.get     via: '1.1 varnish',
358 silly registry.get     'last-modified': 'Mon, 27 Oct 2014 21:34:20 GMT',
358 silly registry.get     'cache-control': 'max-age=60',
358 silly registry.get     etag: '"CMJTSFD5LQ3T04JI1W1POLJO5"',
358 silly registry.get     age: '699',
358 silly registry.get     'x-served-by': 'cache-sjc3133-SJC',
358 silly registry.get     'x-cache': 'HIT',
358 silly registry.get     'x-cache-hits': '1',
358 silly registry.get     'x-timer': 'S1414445660.630130,VS0,VE0',
358 silly registry.get     vary: 'Accept',
358 silly registry.get     'content-length': '0',
358 silly registry.get     'keep-alive': 'timeout=10, max=48',
358 silly registry.get     connection: 'Keep-Alive' } ]
359 verbose etag https://registry.npmjs.org/should from cache
360 http 304 https://registry.npmjs.org/supertest
361 silly registry.get cb [ 304,
361 silly registry.get   { date: 'Mon, 27 Oct 2014 21:34:20 GMT',
361 silly registry.get     server: 'Apache',
361 silly registry.get     via: '1.1 varnish',
361 silly registry.get     'last-modified': 'Mon, 27 Oct 2014 21:34:20 GMT',
361 silly registry.get     'cache-control': 'max-age=60',
361 silly registry.get     etag: '"EU0HUICVYNHERC3UW12VB6P1M"',
361 silly registry.get     age: '23',
361 silly registry.get     'x-served-by': 'cache-sjc3124-SJC',
361 silly registry.get     'x-cache': 'HIT',
361 silly registry.get     'x-cache-hits': '1',
361 silly registry.get     'x-timer': 'S1414445660.642312,VS0,VE0',
361 silly registry.get     vary: 'Accept',
361 silly registry.get     'content-length': '0',
361 silly registry.get     'keep-alive': 'timeout=10, max=47',
361 silly registry.get     connection: 'Keep-Alive' } ]
362 verbose etag https://registry.npmjs.org/supertest from cache
363 silly addNameRange number 2 { name: 'jade', range: '>=1.6.0-0 <1.7.0-0', hasData: true }
364 silly addNameRange versions [ 'jade',
364 silly addNameRange   [ '0.0.1',
364 silly addNameRange     '0.0.2',
364 silly addNameRange     '0.1.0',
364 silly addNameRange     '0.2.0',
364 silly addNameRange     '0.2.1',
364 silly addNameRange     '0.2.2',
364 silly addNameRange     '0.2.3',
364 silly addNameRange     '0.2.4',
364 silly addNameRange     '0.3.0',
364 silly addNameRange     '0.4.0',
364 silly addNameRange     '0.4.1',
364 silly addNameRange     '0.5.0',
364 silly addNameRange     '0.5.1',
364 silly addNameRange     '0.5.2',
364 silly addNameRange     '0.5.3',
364 silly addNameRange     '0.5.4',
364 silly addNameRange     '0.5.5',
364 silly addNameRange     '0.5.6',
364 silly addNameRange     '0.5.7',
364 silly addNameRange     '0.6.0',
364 silly addNameRange     '0.6.1',
364 silly addNameRange     '0.6.3',
364 silly addNameRange     '0.7.0',
364 silly addNameRange     '0.7.1',
364 silly addNameRange     '0.8.0',
364 silly addNameRange     '0.8.1',
364 silly addNameRange     '0.8.2',
364 silly addNameRange     '0.8.3',
364 silly addNameRange     '0.8.4',
364 silly addNameRange     '0.8.5',
364 silly addNameRange     '0.8.6',
364 silly addNameRange     '0.8.7',
364 silly addNameRange     '0.8.8',
364 silly addNameRange     '0.8.9',
364 silly addNameRange     '0.9.0',
364 silly addNameRange     '0.9.1',
364 silly addNameRange     '0.9.2',
364 silly addNameRange     '0.9.3',
364 silly addNameRange     '0.10.0',
364 silly addNameRange     '0.10.1',
364 silly addNameRange     '0.10.2',
364 silly addNameRange     '0.10.3',
364 silly addNameRange     '0.10.4',
364 silly addNameRange     '0.10.5',
364 silly addNameRange     '0.10.6',
364 silly addNameRange     '0.10.7',
364 silly addNameRange     '0.11.0',
364 silly addNameRange     '0.11.1',
364 silly addNameRange     '0.12.0',
364 silly addNameRange     '0.12.1',
364 silly addNameRange     '0.12.2',
364 silly addNameRange     '0.12.3',
364 silly addNameRange     '0.12.4',
364 silly addNameRange     '0.13.0',
364 silly addNameRange     '0.14.0',
364 silly addNameRange     '0.14.1',
364 silly addNameRange     '0.14.2',
364 silly addNameRange     '0.15.0',
364 silly addNameRange     '0.15.1',
364 silly addNameRange     '0.15.2',
364 silly addNameRange     '0.15.3',
364 silly addNameRange     '0.15.4',
364 silly addNameRange     '0.16.0',
364 silly addNameRange     '0.16.1',
364 silly addNameRange     '0.16.2',
364 silly addNameRange     '0.16.3',
364 silly addNameRange     '0.16.4',
364 silly addNameRange     '0.17.0',
364 silly addNameRange     '0.18.0',
364 silly addNameRange     '0.19.0',
364 silly addNameRange     '0.20.0',
364 silly addNameRange     '0.20.1',
364 silly addNameRange     '0.20.2',
364 silly addNameRange     '0.20.3',
364 silly addNameRange     '0.21.0',
364 silly addNameRange     '0.22.0',
364 silly addNameRange     '0.22.1',
364 silly addNameRange     '0.23.0',
364 silly addNameRange     '0.24.0',
364 silly addNameRange     '0.25.0',
364 silly addNameRange     '0.26.0',
364 silly addNameRange     '0.26.1',
364 silly addNameRange     '0.26.2',
364 silly addNameRange     '0.26.3',
364 silly addNameRange     '0.27.0',
364 silly addNameRange     '0.27.1',
364 silly addNameRange     '0.27.2',
364 silly addNameRange     '0.27.3',
364 silly addNameRange     '0.27.4',
364 silly addNameRange     '0.27.5',
364 silly addNameRange     '0.27.6',
364 silly addNameRange     '0.27.7',
364 silly addNameRange     '0.28.0',
364 silly addNameRange     '0.28.1',
364 silly addNameRange     '0.28.2',
364 silly addNameRange     '0.29.0',
364 silly addNameRange     '0.30.0',
364 silly addNameRange     '0.31.0',
364 silly addNameRange     '0.31.1',
364 silly addNameRange     '0.31.2',
364 silly addNameRange     '0.32.0',
364 silly addNameRange     '0.33.0',
364 silly addNameRange     '0.34.0',
364 silly addNameRange     '0.34.1',
364 silly addNameRange     '0.35.0',
364 silly addNameRange     '1.0.0',
364 silly addNameRange     '1.0.1',
364 silly addNameRange     '1.0.2',
364 silly addNameRange     '1.1.0',
364 silly addNameRange     '1.1.1',
364 silly addNameRange     '1.1.2',
364 silly addNameRange     '1.1.3',
364 silly addNameRange     '1.1.4',
364 silly addNameRange     '1.1.5',
364 silly addNameRange     '1.2.0',
364 silly addNameRange     '1.3.0',
364 silly addNameRange     '1.3.1',
364 silly addNameRange     '1.4.0',
364 silly addNameRange     '1.4.1',
364 silly addNameRange     '1.4.2',
364 silly addNameRange     '1.5.0',
364 silly addNameRange     '1.6.0',
364 silly addNameRange     '1.7.0' ] ]
365 verbose addNamed [ 'jade', '1.6.0' ]
366 verbose addNamed [ '1.6.0', '1.6.0' ]
367 silly lockFile c06071bd-jade-1-6-0 jade@1.6.0
368 verbose lock jade@1.6.0 /home/brandon/.npm/c06071bd-jade-1-6-0.lock
369 silly addNameRange number 2 { name: 'should', range: '>=1.2.2-0 <1.3.0-0', hasData: true }
370 silly addNameRange versions [ 'should',
370 silly addNameRange   [ '0.0.1',
370 silly addNameRange     '0.0.2',
370 silly addNameRange     '0.0.3',
370 silly addNameRange     '0.0.4',
370 silly addNameRange     '0.1.0',
370 silly addNameRange     '0.2.0',
370 silly addNameRange     '0.2.1',
370 silly addNameRange     '0.3.0',
370 silly addNameRange     '0.3.1',
370 silly addNameRange     '0.3.2',
370 silly addNameRange     '0.4.0',
370 silly addNameRange     '0.4.1',
370 silly addNameRange     '0.4.2',
370 silly addNameRange     '0.5.0',
370 silly addNameRange     '0.5.1',
370 silly addNameRange     '0.6.0',
370 silly addNameRange     '0.6.1',
370 silly addNameRange     '0.6.2',
370 silly addNameRange     '0.6.3',
370 silly addNameRange     '1.0.0',
370 silly addNameRange     '1.1.0',
370 silly addNameRange     '1.1.1',
370 silly addNameRange     '1.2.0',
370 silly addNameRange     '1.2.1',
370 silly addNameRange     '1.2.2',
370 silly addNameRange     '1.3.0',
370 silly addNameRange     '2.0.0',
370 silly addNameRange     '2.0.1',
370 silly addNameRange     '2.0.2',
370 silly addNameRange     '2.1.0',
370 silly addNameRange     '2.1.1',
370 silly addNameRange     '3.0.0',
370 silly addNameRange     '3.0.1',
370 silly addNameRange     '3.1.0',
370 silly addNameRange     '3.1.1',
370 silly addNameRange     '3.1.2',
370 silly addNameRange     '3.1.3',
370 silly addNameRange     '3.1.4',
370 silly addNameRange     '3.2.0-beta1',
370 silly addNameRange     '3.2.0',
370 silly addNameRange     '3.3.0',
370 silly addNameRange     '3.3.1',
370 silly addNameRange     '3.3.2',
370 silly addNameRange     '4.0.0',
370 silly addNameRange     '4.0.1',
370 silly addNameRange     '4.0.3',
370 silly addNameRange     '4.0.4',
370 silly addNameRange     '4.1.0' ] ]
371 verbose addNamed [ 'should', '1.2.2' ]
372 verbose addNamed [ '1.2.2', '1.2.2' ]
373 silly lockFile a3ec6cce-should-1-2-2 should@1.2.2
374 verbose lock should@1.2.2 /home/brandon/.npm/a3ec6cce-should-1-2-2.lock
375 silly addNameRange number 2 { name: 'supertest', range: '>=0.7.1-0 <0.8.0-0', hasData: true }
376 silly addNameRange versions [ 'supertest',
376 silly addNameRange   [ '0.0.1',
376 silly addNameRange     '0.1.0',
376 silly addNameRange     '0.1.1',
376 silly addNameRange     '0.1.2',
376 silly addNameRange     '0.2.0',
376 silly addNameRange     '0.3.0',
376 silly addNameRange     '0.3.1',
376 silly addNameRange     '0.4.0',
376 silly addNameRange     '0.4.1',
376 silly addNameRange     '0.4.2',
376 silly addNameRange     '0.5.0',
376 silly addNameRange     '0.5.1',
376 silly addNameRange     '0.6.0',
376 silly addNameRange     '0.6.1',
376 silly addNameRange     '0.7.0',
376 silly addNameRange     '0.7.1',
376 silly addNameRange     '0.8.0',
376 silly addNameRange     '0.8.1',
376 silly addNameRange     '0.8.2',
376 silly addNameRange     '0.8.3',
376 silly addNameRange     '0.9.0',
376 silly addNameRange     '0.9.1',
376 silly addNameRange     '0.9.2',
376 silly addNameRange     '0.10.0',
376 silly addNameRange     '0.11.0',
376 silly addNameRange     '0.12.0',
376 silly addNameRange     '0.12.1',
376 silly addNameRange     '0.13.0',
376 silly addNameRange     '0.14.0' ] ]
377 verbose addNamed [ 'supertest', '0.7.1' ]
378 verbose addNamed [ '0.7.1', '0.7.1' ]
379 silly lockFile 952e3c62-supertest-0-7-1 supertest@0.7.1
380 verbose lock supertest@0.7.1 /home/brandon/.npm/952e3c62-supertest-0-7-1.lock
381 silly lockFile c06071bd-jade-1-6-0 jade@1.6.0
382 silly lockFile c06071bd-jade-1-6-0 jade@1.6.0
383 silly lockFile a3ec6cce-should-1-2-2 should@1.2.2
384 silly lockFile a3ec6cce-should-1-2-2 should@1.2.2
385 silly lockFile ad8c17a8-jade-1-6-0 jade@~1.6.0
386 silly lockFile ad8c17a8-jade-1-6-0 jade@~1.6.0
387 silly lockFile ffc8affd-should-1-2-2 should@~1.2.2
388 silly lockFile ffc8affd-should-1-2-2 should@~1.2.2
389 silly lockFile 952e3c62-supertest-0-7-1 supertest@0.7.1
390 silly lockFile 952e3c62-supertest-0-7-1 supertest@0.7.1
391 silly lockFile e5d59e0d-supertest-0-7-1 supertest@~0.7.1
392 silly lockFile e5d59e0d-supertest-0-7-1 supertest@~0.7.1
393 http 200 https://registry.npmjs.org/node-uuid/-/node-uuid-1.4.1.tgz
394 silly lockFile 1287aac8-rg-node-uuid-node-uuid-1-4-1-tgz https://registry.npmjs.org/node-uuid/-/node-uuid-1.4.1.tgz
395 silly lockFile 1287aac8-rg-node-uuid-node-uuid-1-4-1-tgz https://registry.npmjs.org/node-uuid/-/node-uuid-1.4.1.tgz
396 silly lockFile 7c2028cd-node-uuid-1-4-1 node-uuid@1.4.1
397 silly lockFile 7c2028cd-node-uuid-1-4-1 node-uuid@1.4.1
398 silly lockFile 853201b9-node-uuid-1-4-1 node-uuid@~1.4.1
399 silly lockFile 853201b9-node-uuid-1-4-1 node-uuid@~1.4.1
400 http 304 https://registry.npmjs.org/mongoose
401 silly registry.get cb [ 304,
401 silly registry.get   { date: 'Mon, 27 Oct 2014 21:34:20 GMT',
401 silly registry.get     server: 'Apache',
401 silly registry.get     via: '1.1 varnish',
401 silly registry.get     'last-modified': 'Mon, 27 Oct 2014 21:34:20 GMT',
401 silly registry.get     'cache-control': 'max-age=60',
401 silly registry.get     etag: '"4AIUERSUELEOB2N580NXMGVOW"',
401 silly registry.get     age: '0',
401 silly registry.get     'x-served-by': 'cache-sjc3125-SJC',
401 silly registry.get     'x-cache': 'HIT',
401 silly registry.get     'x-cache-hits': '1',
401 silly registry.get     'x-timer': 'S1414445660.604997,VS0,VE355',
401 silly registry.get     vary: 'Accept',
401 silly registry.get     'content-length': '0',
401 silly registry.get     'keep-alive': 'timeout=10, max=48',
401 silly registry.get     connection: 'Keep-Alive' } ]
402 verbose etag https://registry.npmjs.org/mongoose from cache
403 silly addNameRange number 2 { name: 'mongoose', range: '>=3.8.17-0 <3.9.0-0', hasData: true }
404 silly addNameRange versions [ 'mongoose',
404 silly addNameRange   [ '0.0.1',
404 silly addNameRange     '0.0.2',
404 silly addNameRange     '0.0.3',
404 silly addNameRange     '0.0.4',
404 silly addNameRange     '0.0.5',
404 silly addNameRange     '1.0.0',
404 silly addNameRange     '1.0.1',
404 silly addNameRange     '1.0.2',
404 silly addNameRange     '0.0.6',
404 silly addNameRange     '1.0.3',
404 silly addNameRange     '1.0.4',
404 silly addNameRange     '1.0.5',
404 silly addNameRange     '1.0.6',
404 silly addNameRange     '1.0.7',
404 silly addNameRange     '1.0.8',
404 silly addNameRange     '1.0.10',
404 silly addNameRange     '1.0.11',
404 silly addNameRange     '1.0.12',
404 silly addNameRange     '1.0.13',
404 silly addNameRange     '1.0.14',
404 silly addNameRange     '1.0.15',
404 silly addNameRange     '1.0.16',
404 silly addNameRange     '1.1.0',
404 silly addNameRange     '1.1.1',
404 silly addNameRange     '1.1.2',
404 silly addNameRange     '1.1.3',
404 silly addNameRange     '1.1.4',
404 silly addNameRange     '1.1.5',
404 silly addNameRange     '1.1.6',
404 silly addNameRange     '1.1.7',
404 silly addNameRange     '1.1.8',
404 silly addNameRange     '1.1.9',
404 silly addNameRange     '1.1.10',
404 silly addNameRange     '1.1.11',
404 silly addNameRange     '1.1.12',
404 silly addNameRange     '1.1.13',
404 silly addNameRange     '1.1.14',
404 silly addNameRange     '1.1.15',
404 silly addNameRange     '1.1.16',
404 silly addNameRange     '1.1.17',
404 silly addNameRange     '1.1.18',
404 silly addNameRange     '1.1.19',
404 silly addNameRange     '1.1.20',
404 silly addNameRange     '1.1.21',
404 silly addNameRange     '1.1.22',
404 silly addNameRange     '1.1.23',
404 silly addNameRange     '1.1.24',
404 silly addNameRange     '1.1.25',
404 silly addNameRange     '1.2.0',
404 silly addNameRange     '1.3.0',
404 silly addNameRange     '1.3.1',
404 silly addNameRange     '1.3.2',
404 silly addNameRange     '1.3.3',
404 silly addNameRange     '1.3.4',
404 silly addNameRange     '1.3.5',
404 silly addNameRange     '1.3.6',
404 silly addNameRange     '1.3.7',
404 silly addNameRange     '1.4.0',
404 silly addNameRange     '1.5.0',
404 silly addNameRange     '1.6.0',
404 silly addNameRange     '1.7.2',
404 silly addNameRange     '1.7.3',
404 silly addNameRange     '1.7.4',
404 silly addNameRange     '1.8.0',
404 silly addNameRange     '1.8.1',
404 silly addNameRange     '1.8.2',
404 silly addNameRange     '1.8.3',
404 silly addNameRange     '1.8.4',
404 silly addNameRange     '2.0.0',
404 silly addNameRange     '2.0.1',
404 silly addNameRange     '2.0.2',
404 silly addNameRange     '2.0.3',
404 silly addNameRange     '2.0.4',
404 silly addNameRange     '2.1.0',
404 silly addNameRange     '2.1.1',
404 silly addNameRange     '2.1.2',
404 silly addNameRange     '2.1.3',
404 silly addNameRange     '2.1.4',
404 silly addNameRange     '2.2.0',
404 silly addNameRange     '2.2.1',
404 silly addNameRange     '2.2.2',
404 silly addNameRange     '2.2.3',
404 silly addNameRange     '2.2.4',
404 silly addNameRange     '2.3.0',
404 silly addNameRange     '2.3.1',
404 silly addNameRange     '2.3.2',
404 silly addNameRange     '2.3.3',
404 silly addNameRange     '2.3.4',
404 silly addNameRange     '2.3.5',
404 silly addNameRange     '2.3.6',
404 silly addNameRange     '2.3.7',
404 silly addNameRange     '2.3.8',
404 silly addNameRange     '2.3.9',
404 silly addNameRange     '2.3.10',
404 silly addNameRange     '2.3.11',
404 silly addNameRange     '2.3.12',
404 silly addNameRange     '2.3.13',
404 silly addNameRange     '2.4.0',
404 silly addNameRange     '2.4.1',
404 silly addNameRange     '2.4.2',
404 silly addNameRange     '2.4.3',
404 silly addNameRange     '2.4.4',
404 silly addNameRange     '2.4.5',
404 silly addNameRange     '2.4.6',
404 silly addNameRange     '2.4.7',
404 silly addNameRange     '2.4.8',
404 silly addNameRange     '2.4.9',
404 silly addNameRange     '2.4.10',
404 silly addNameRange     '2.5.0',
404 silly addNameRange     '2.5.1',
404 silly addNameRange     '2.5.2',
404 silly addNameRange     '2.5.3',
404 silly addNameRange     '2.5.4',
404 silly addNameRange     '2.5.5',
404 silly addNameRange     '2.5.6',
404 silly addNameRange     '2.5.7',
404 silly addNameRange     '2.5.8',
404 silly addNameRange     '2.5.9',
404 silly addNameRange     '2.5.10',
404 silly addNameRange     '2.5.11',
404 silly addNameRange     '2.5.12',
404 silly addNameRange     '2.5.13',
404 silly addNameRange     '2.5.14',
404 silly addNameRange     '2.6.0',
404 silly addNameRange     '2.6.1',
404 silly addNameRange     '2.6.2',
404 silly addNameRange     '2.6.3',
404 silly addNameRange     '2.6.4',
404 silly addNameRange     '2.6.5',
404 silly addNameRange     '2.6.6',
404 silly addNameRange     '2.6.7',
404 silly addNameRange     '2.6.8',
404 silly addNameRange     '2.7.0',
404 silly addNameRange     '2.7.1',
404 silly addNameRange     '2.7.2',
404 silly addNameRange     '2.7.4',
404 silly addNameRange     '2.7.3',
404 silly addNameRange     '3.0.0',
404 silly addNameRange     '3.0.1',
404 silly addNameRange     '3.0.2',
404 silly addNameRange     '2.8.0',
404 silly addNameRange     '3.0.3',
404 silly addNameRange     '3.1.0',
404 silly addNameRange     '2.8.1',
404 silly addNameRange     '3.1.1',
404 silly addNameRange     '2.8.2',
404 silly addNameRange     '2.8.3',
404 silly addNameRange     '2.9.0',
404 silly addNameRange     '3.2.0',
404 silly addNameRange     '2.9.1',
404 silly addNameRange     '3.2.1',
404 silly addNameRange     '2.9.2',
404 silly addNameRange     '3.2.2',
404 silly addNameRange     '3.3.0',
404 silly addNameRange     '3.3.1',
404 silly addNameRange     '2.9.3',
404 silly addNameRange     '3.4.0',
404 silly addNameRange     '2.9.4',
404 silly addNameRange     '2.9.5',
404 silly addNameRange     '3.5.0',
404 silly addNameRange     '3.5.1',
404 silly addNameRange     '3.5.2',
404 silly addNameRange     '3.5.3',
404 silly addNameRange     '2.9.6',
404 silly addNameRange     '2.9.7',
404 silly addNameRange     '3.5.4',
404 silly addNameRange     '3.5.5',
404 silly addNameRange     '2.9.8',
404 silly addNameRange     '2.9.9',
404 silly addNameRange     '3.5.6',
404 silly addNameRange     '3.5.7',
404 silly addNameRange     '3.5.8',
404 silly addNameRange     '2.9.10',
404 silly addNameRange     '3.5.9',
404 silly addNameRange     '3.6.2',
404 silly addNameRange     '3.5.10',
404 silly addNameRange     '3.6.3',
404 silly addNameRange     '3.5.11',
404 silly addNameRange     '3.6.4',
404 silly addNameRange     '3.6.5',
404 silly addNameRange     '3.6.6',
404 silly addNameRange     '3.6.7',
404 silly addNameRange     '3.5.12',
404 silly addNameRange     '3.6.8',
404 silly addNameRange     '3.6.9',
404 silly addNameRange     '3.6.10',
404 silly addNameRange     '3.5.13',
404 silly addNameRange     '3.5.14',
404 silly addNameRange     '3.6.11',
404 silly addNameRange     '3.6.12',
404 silly addNameRange     '3.6.13',
404 silly addNameRange     '3.6.14',
404 silly addNameRange     '3.6.15',
404 silly addNameRange     '3.5.15',
404 silly addNameRange     '3.7.0',
404 silly addNameRange     '3.6.16',
404 silly addNameRange     '3.5.16',
404 silly addNameRange     '3.6.17',
404 silly addNameRange     '3.7.2',
404 silly addNameRange     '3.0.0-alpha1',
404 silly addNameRange     '3.0.0-alpha2',
404 silly addNameRange     '3.0.0-rc0',
404 silly addNameRange     '3.6.0-rc0',
404 silly addNameRange     '3.6.0-rc1',
404 silly addNameRange     '3.6.18',
404 silly addNameRange     '3.7.3',
404 silly addNameRange     '3.6.19',
404 silly addNameRange     '3.6.20',
404 silly addNameRange     '3.7.4',
404 silly addNameRange     '3.8.0',
404 silly addNameRange     '3.8.1',
404 silly addNameRange     '3.8.2',
404 silly addNameRange     '3.8.3',
404 silly addNameRange     '3.8.4',
404 silly addNameRange     '3.8.5',
404 silly addNameRange     '3.8.6',
404 silly addNameRange     '3.8.7',
404 silly addNameRange     '3.8.8',
404 silly addNameRange     '3.8.9',
404 silly addNameRange     '3.8.10',
404 silly addNameRange     '3.8.11',
404 silly addNameRange     '3.9.0',
404 silly addNameRange     '3.8.12',
404 silly addNameRange     '3.8.13',
404 silly addNameRange     '3.8.14',
404 silly addNameRange     '3.8.15',
404 silly addNameRange     '3.9.1',
404 silly addNameRange     '3.8.16',
404 silly addNameRange     '3.9.2',
404 silly addNameRange     '3.8.17',
404 silly addNameRange     '3.9.3',
404 silly addNameRange     '3.8.18',
404 silly addNameRange     '3.9.4' ] ]
405 verbose addNamed [ 'mongoose', '3.8.18' ]
406 verbose addNamed [ '3.8.18', '3.8.18' ]
407 silly lockFile bce763e9-mongoose-3-8-18 mongoose@3.8.18
408 verbose lock mongoose@3.8.18 /home/brandon/.npm/bce763e9-mongoose-3-8-18.lock
409 http 200 https://registry.npmjs.org/express
410 silly registry.get cb [ 200,
410 silly registry.get   { date: 'Mon, 27 Oct 2014 21:34:20 GMT',
410 silly registry.get     server: 'CouchDB/1.5.0 (Erlang OTP/R16B03)',
410 silly registry.get     etag: '"F0X5QHBTDR9QEFDQPY5DO5DER"',
410 silly registry.get     'content-type': 'application/json',
410 silly registry.get     'cache-control': 'max-age=60',
410 silly registry.get     'content-length': '406153',
410 silly registry.get     'accept-ranges': 'bytes',
410 silly registry.get     via: '1.1 varnish',
410 silly registry.get     age: '4',
410 silly registry.get     'x-served-by': 'cache-sjc3121-SJC',
410 silly registry.get     'x-cache': 'HIT',
410 silly registry.get     'x-cache-hits': '1',
410 silly registry.get     'x-timer': 'S1414445660.502998,VS0,VE2',
410 silly registry.get     vary: 'Accept',
410 silly registry.get     'keep-alive': 'timeout=10, max=50',
410 silly registry.get     connection: 'Keep-Alive' } ]
411 silly lockFile bce763e9-mongoose-3-8-18 mongoose@3.8.18
412 silly lockFile bce763e9-mongoose-3-8-18 mongoose@3.8.18
413 silly lockFile 9bb8523b-mongoose-3-8-17 mongoose@~3.8.17
414 silly lockFile 9bb8523b-mongoose-3-8-17 mongoose@~3.8.17
415 silly addNameRange number 2 { name: 'express', range: '>=4.9.0-0 <4.10.0-0', hasData: true }
416 silly addNameRange versions [ 'express',
416 silly addNameRange   [ '0.14.0',
416 silly addNameRange     '0.14.1',
416 silly addNameRange     '1.0.0',
416 silly addNameRange     '1.0.1',
416 silly addNameRange     '1.0.2',
416 silly addNameRange     '1.0.3',
416 silly addNameRange     '1.0.4',
416 silly addNameRange     '1.0.5',
416 silly addNameRange     '1.0.6',
416 silly addNameRange     '1.0.7',
416 silly addNameRange     '1.0.8',
416 silly addNameRange     '2.0.0',
416 silly addNameRange     '2.1.0',
416 silly addNameRange     '2.1.1',
416 silly addNameRange     '2.2.0',
416 silly addNameRange     '2.2.1',
416 silly addNameRange     '2.2.2',
416 silly addNameRange     '2.3.0',
416 silly addNameRange     '2.3.1',
416 silly addNameRange     '2.3.2',
416 silly addNameRange     '2.3.3',
416 silly addNameRange     '2.3.4',
416 silly addNameRange     '2.3.5',
416 silly addNameRange     '2.3.6',
416 silly addNameRange     '2.3.7',
416 silly addNameRange     '2.3.8',
416 silly addNameRange     '2.3.9',
416 silly addNameRange     '2.3.10',
416 silly addNameRange     '2.3.11',
416 silly addNameRange     '2.3.12',
416 silly addNameRange     '2.4.0',
416 silly addNameRange     '2.4.1',
416 silly addNameRange     '2.4.2',
416 silly addNameRange     '2.4.3',
416 silly addNameRange     '2.4.4',
416 silly addNameRange     '2.4.5',
416 silly addNameRange     '2.4.6',
416 silly addNameRange     '2.4.7',
416 silly addNameRange     '2.5.0',
416 silly addNameRange     '2.5.1',
416 silly addNameRange     '2.5.2',
416 silly addNameRange     '2.5.3',
416 silly addNameRange     '2.5.4',
416 silly addNameRange     '2.5.5',
416 silly addNameRange     '2.5.6',
416 silly addNameRange     '2.5.7',
416 silly addNameRange     '2.5.8',
416 silly addNameRange     '2.5.9',
416 silly addNameRange     '2.5.10',
416 silly addNameRange     '2.5.11',
416 silly addNameRange     '3.0.0',
416 silly addNameRange     '3.0.1',
416 silly addNameRange     '3.0.2',
416 silly addNameRange     '3.0.3',
416 silly addNameRange     '3.0.4',
416 silly addNameRange     '3.0.5',
416 silly addNameRange     '3.0.6',
416 silly addNameRange     '3.1.0',
416 silly addNameRange     '3.1.1',
416 silly addNameRange     '3.1.2',
416 silly addNameRange     '3.2.0',
416 silly addNameRange     '3.2.1',
416 silly addNameRange     '3.2.2',
416 silly addNameRange     '3.2.3',
416 silly addNameRange     '3.2.4',
416 silly addNameRange     '3.2.5',
416 silly addNameRange     '3.2.6',
416 silly addNameRange     '3.3.0',
416 silly addNameRange     '3.3.1',
416 silly addNameRange     '3.3.2',
416 silly addNameRange     '3.3.3',
416 silly addNameRange     '3.3.4',
416 silly addNameRange     '3.3.5',
416 silly addNameRange     '3.3.6',
416 silly addNameRange     '1.0.0-beta',
416 silly addNameRange     '1.0.0-beta2',
416 silly addNameRange     '1.0.0-rc',
416 silly addNameRange     '1.0.0-rc2',
416 silly addNameRange     '1.0.0-rc3',
416 silly addNameRange     '1.0.0-rc4',
416 silly addNameRange     '2.0.0-beta',
416 silly addNameRange     '2.0.0-beta2',
416 silly addNameRange     '2.0.0-beta3',
416 silly addNameRange     '2.0.0-rc',
416 silly addNameRange     '2.0.0-rc2',
416 silly addNameRange     '2.0.0-rc3',
416 silly addNameRange     '3.0.0-alpha1',
416 silly addNameRange     '3.0.0-alpha2',
416 silly addNameRange     '3.0.0-alpha3',
416 silly addNameRange     '3.0.0-alpha4',
416 silly addNameRange     '3.0.0-alpha5',
416 silly addNameRange     '3.0.0-beta1',
416 silly addNameRange     '3.0.0-beta2',
416 silly addNameRange     '3.0.0-beta3',
416 silly addNameRange     '3.0.0-beta4',
416 silly addNameRange     '3.0.0-beta6',
416 silly addNameRange     '3.0.0-beta7',
416 silly addNameRange     '3.0.0-rc1',
416 silly addNameRange     '3.0.0-rc2',
416 silly addNameRange     '3.0.0-rc3',
416 silly addNameRange     '3.0.0-rc4',
416 silly addNameRange     '3.0.0-rc5',
416 silly addNameRange     '3.3.7',
416 silly addNameRange     '3.3.8',
416 silly addNameRange     '3.4.0',
416 silly addNameRange     '3.4.1',
416 silly addNameRange     '3.4.2',
416 silly addNameRange     '3.4.3',
416 silly addNameRange     '3.4.4',
416 silly addNameRange     '3.4.5',
416 silly addNameRange     '3.4.6',
416 silly addNameRange     '3.4.7',
416 silly addNameRange     '3.4.8',
416 silly addNameRange     '4.0.0-rc1',
416 silly addNameRange     '4.0.0-rc2',
416 silly addNameRange     '3.5.0',
416 silly addNameRange     '4.0.0-rc3',
416 silly addNameRange     '4.0.0-rc4',
416 silly addNameRange     '3.5.1',
416 silly addNameRange     '4.0.0',
416 silly addNameRange     '3.5.2',
416 silly addNameRange     '4.1.0',
416 silly addNameRange     '4.1.1',
416 silly addNameRange     '3.5.3',
416 silly addNameRange     '4.1.2',
416 silly addNameRange     '3.6.0',
416 silly addNameRange     '4.2.0',
416 silly addNameRange     '3.7.0',
416 silly addNameRange     '3.8.0',
416 silly addNameRange     '4.3.0',
416 silly addNameRange     '4.3.1',
416 silly addNameRange     '3.8.1',
416 silly addNameRange     '4.3.2',
416 silly addNameRange     '3.9.0',
416 silly addNameRange     '4.4.0',
416 silly addNameRange     '4.4.1',
416 silly addNameRange     '3.10.0',
416 silly addNameRange     '3.10.1',
416 silly addNameRange     '3.10.2',
416 silly addNameRange     '3.10.3',
416 silly addNameRange     '3.10.4',
416 silly addNameRange     '4.4.2',
416 silly addNameRange     '3.10.5',
416 silly addNameRange     '4.4.3',
416 silly addNameRange     '3.11.0',
416 silly addNameRange     '4.4.4',
416 silly addNameRange     '3.12.0',
416 silly addNameRange     '3.12.1',
416 silly addNameRange     '4.4.5',
416 silly addNameRange     '3.13.0',
416 silly addNameRange     '4.5.0',
416 silly addNameRange     '4.5.1',
416 silly addNameRange     '3.14.0',
416 silly addNameRange     '4.6.0',
416 silly addNameRange     '4.6.1',
416 silly addNameRange     '3.15.0',
416 silly addNameRange     '4.7.0',
416 silly addNameRange     '3.15.1',
416 silly addNameRange     '4.7.1',
416 silly addNameRange     '3.15.2',
416 silly addNameRange     '4.7.2',
416 silly addNameRange     '4.7.3',
416 silly addNameRange     '3.15.3',
416 silly addNameRange     '4.7.4',
416 silly addNameRange     '3.16.0',
416 silly addNameRange     '4.8.0',
416 silly addNameRange     '3.16.1',
416 silly addNameRange     '4.8.1',
416 silly addNameRange     '3.16.2',
416 silly addNameRange     '4.8.2',
416 silly addNameRange     '3.16.3',
416 silly addNameRange     '3.16.4',
416 silly addNameRange     '4.8.3',
416 silly addNameRange     '3.16.5',
416 silly addNameRange     '3.16.6',
416 silly addNameRange     '4.8.4',
416 silly addNameRange     '3.16.7',
416 silly addNameRange     '4.8.5',
416 silly addNameRange     '3.16.8',
416 silly addNameRange     '4.8.6',
416 silly addNameRange     '3.16.9',
416 silly addNameRange     '4.8.7',
416 silly addNameRange     '3.16.10',
416 silly addNameRange     '4.8.8',
416 silly addNameRange     '3.17.0',
416 silly addNameRange     '3.17.1',
416 silly addNameRange     '4.9.0',
416 silly addNameRange     '3.17.2',
416 silly addNameRange     '4.9.1',
416 silly addNameRange     '4.9.2',
416 silly addNameRange     '3.17.3',
416 silly addNameRange     '4.9.3',
416 silly addNameRange     '3.17.4',
416 silly addNameRange     '4.9.4',
416 silly addNameRange     '3.17.5',
416 silly addNameRange     '4.9.5',
416 silly addNameRange     '3.17.6',
416 silly addNameRange     '3.17.7',
416 silly addNameRange     '4.9.6',
416 silly addNameRange     '4.9.7',
416 silly addNameRange     '3.17.8',
416 silly addNameRange     '4.9.8',
416 silly addNameRange     '3.18.0',
416 silly addNameRange     '3.18.1',
416 silly addNameRange     '4.10.0' ] ]
417 verbose addNamed [ 'express', '4.9.8' ]
418 verbose addNamed [ '4.9.8', '4.9.8' ]
419 silly lockFile 3e3a25f6-express-4-9-8 express@4.9.8
420 verbose lock express@4.9.8 /home/brandon/.npm/3e3a25f6-express-4-9-8.lock
421 silly lockFile 3e3a25f6-express-4-9-8 express@4.9.8
422 silly lockFile 3e3a25f6-express-4-9-8 express@4.9.8
423 silly lockFile 6ae7fa08-express-4-9-0 express@~4.9.0
424 silly lockFile 6ae7fa08-express-4-9-0 express@~4.9.0
425 error notarget No compatible version found: bcrypt-nodejs@'>=0.8.0-0 <0.9.0-0'
425 error notarget Valid install targets:
425 error notarget ["0.0.1","0.0.2","0.0.3"]
425 error notarget
425 error notarget This is most likely not a problem with npm itself.
425 error notarget In most cases you or one of your dependencies are requesting
425 error notarget a package version that doesn't exist.
426 error System Linux 3.16.0-23-generic
427 error command "/usr/local/bin/node" "/usr/local/bin/npm" "install"
428 error cwd /home/brandon/workspace/CP546
429 error node -v v0.10.32
430 error npm -v 1.4.28
431 error code ETARGET
432 verbose exit [ 1, true ]
